mode: count
github.com/larsth/rmsggpsd-gpspipe/daemon/atan2.go:29.43,30.13 1 13
github.com/larsth/rmsggpsd-gpspipe/daemon/atan2.go:43.2,43.13 1 9
github.com/larsth/rmsggpsd-gpspipe/daemon/atan2.go:56.2,56.14 1 5
github.com/larsth/rmsggpsd-gpspipe/daemon/atan2.go:70.2,71.44 1 1
github.com/larsth/rmsggpsd-gpspipe/daemon/atan2.go:30.13,31.14 1 4
github.com/larsth/rmsggpsd-gpspipe/daemon/atan2.go:34.3,34.14 1 3
github.com/larsth/rmsggpsd-gpspipe/daemon/atan2.go:37.3,37.15 1 2
github.com/larsth/rmsggpsd-gpspipe/daemon/atan2.go:40.3,41.54 1 1
github.com/larsth/rmsggpsd-gpspipe/daemon/atan2.go:31.14,33.4 1 1
github.com/larsth/rmsggpsd-gpspipe/daemon/atan2.go:34.14,36.4 1 1
github.com/larsth/rmsggpsd-gpspipe/daemon/atan2.go:37.15,39.4 1 1
github.com/larsth/rmsggpsd-gpspipe/daemon/atan2.go:43.13,44.14 1 4
github.com/larsth/rmsggpsd-gpspipe/daemon/atan2.go:47.3,47.14 1 3
github.com/larsth/rmsggpsd-gpspipe/daemon/atan2.go:50.3,50.15 1 2
github.com/larsth/rmsggpsd-gpspipe/daemon/atan2.go:53.3,54.54 1 1
github.com/larsth/rmsggpsd-gpspipe/daemon/atan2.go:44.14,46.4 1 1
github.com/larsth/rmsggpsd-gpspipe/daemon/atan2.go:47.14,49.4 1 1
github.com/larsth/rmsggpsd-gpspipe/daemon/atan2.go:50.15,52.4 1 1
github.com/larsth/rmsggpsd-gpspipe/daemon/atan2.go:56.14,57.14 1 4
github.com/larsth/rmsggpsd-gpspipe/daemon/atan2.go:60.3,60.14 1 3
github.com/larsth/rmsggpsd-gpspipe/daemon/atan2.go:63.3,63.15 1 2
github.com/larsth/rmsggpsd-gpspipe/daemon/atan2.go:66.3,67.39 1 1
github.com/larsth/rmsggpsd-gpspipe/daemon/atan2.go:57.14,59.4 1 1
github.com/larsth/rmsggpsd-gpspipe/daemon/atan2.go:60.14,62.4 1 1
github.com/larsth/rmsggpsd-gpspipe/daemon/atan2.go:63.15,65.4 1 1
github.com/larsth/rmsggpsd-gpspipe/daemon/cache.go:19.13,28.2 6 1
github.com/larsth/rmsggpsd-gpspipe/daemon/gpspipe.go:29.32,34.33 2 0
github.com/larsth/rmsggpsd-gpspipe/daemon/gpspipe.go:38.2,39.56 2 0
github.com/larsth/rmsggpsd-gpspipe/daemon/gpspipe.go:44.2,45.68 2 0
github.com/larsth/rmsggpsd-gpspipe/daemon/gpspipe.go:49.2,49.12 1 0
github.com/larsth/rmsggpsd-gpspipe/daemon/gpspipe.go:34.33,37.3 1 0
github.com/larsth/rmsggpsd-gpspipe/daemon/gpspipe.go:39.56,42.3 1 0
github.com/larsth/rmsggpsd-gpspipe/daemon/gpspipe.go:45.68,47.3 1 0
github.com/larsth/rmsggpsd-gpspipe/daemon/gpspipe.go:52.49,59.19 4 0
github.com/larsth/rmsggpsd-gpspipe/daemon/gpspipe.go:72.2,74.25 1 0
github.com/larsth/rmsggpsd-gpspipe/daemon/gpspipe.go:59.19,60.20 1 0
github.com/larsth/rmsggpsd-gpspipe/daemon/gpspipe.go:63.3,65.33 2 0
github.com/larsth/rmsggpsd-gpspipe/daemon/gpspipe.go:68.3,70.13 3 0
github.com/larsth/rmsggpsd-gpspipe/daemon/gpspipe.go:60.20,62.4 1 0
github.com/larsth/rmsggpsd-gpspipe/daemon/gpspipe.go:65.33,67.4 1 0
github.com/larsth/rmsggpsd-gpspipe/daemon/gpspipe.go:77.44,83.2 4 0
github.com/larsth/rmsggpsd-gpspipe/daemon/gpspipe.go:85.51,89.37 3 0
github.com/larsth/rmsggpsd-gpspipe/daemon/gpspipe.go:94.2,94.45 1 0
github.com/larsth/rmsggpsd-gpspipe/daemon/gpspipe.go:99.2,99.12 1 0
github.com/larsth/rmsggpsd-gpspipe/daemon/gpspipe.go:89.37,92.3 1 0
github.com/larsth/rmsggpsd-gpspipe/daemon/gpspipe.go:94.45,96.3 1 0
github.com/larsth/rmsggpsd-gpspipe/daemon/gpspipe.go:96.3,98.3 1 0
github.com/larsth/rmsggpsd-gpspipe/daemon/gpspipe.go:102.52,105.27 2 0
github.com/larsth/rmsggpsd-gpspipe/daemon/gpspipe.go:112.2,112.32 1 0
github.com/larsth/rmsggpsd-gpspipe/daemon/gpspipe.go:115.2,115.35 1 0
github.com/larsth/rmsggpsd-gpspipe/daemon/gpspipe.go:105.27,106.43 1 0
github.com/larsth/rmsggpsd-gpspipe/daemon/gpspipe.go:106.43,110.4 1 0
github.com/larsth/rmsggpsd-gpspipe/daemon/gpspipe.go:112.32,114.3 1 0
github.com/larsth/rmsggpsd-gpspipe/daemon/gpspipe.go:118.57,125.9 2 0
github.com/larsth/rmsggpsd-gpspipe/daemon/gpspipe.go:138.2,138.12 1 0
github.com/larsth/rmsggpsd-gpspipe/daemon/gpspipe.go:126.2,127.40 1 0
github.com/larsth/rmsggpsd-gpspipe/daemon/gpspipe.go:130.3,130.57 1 0
github.com/larsth/rmsggpsd-gpspipe/daemon/gpspipe.go:133.3,133.15 1 0
github.com/larsth/rmsggpsd-gpspipe/daemon/gpspipe.go:127.40,129.4 1 0
github.com/larsth/rmsggpsd-gpspipe/daemon/gpspipe.go:130.57,132.4 1 0
github.com/larsth/rmsggpsd-gpspipe/daemon/gpspipe.go:133.15,136.4 1 0
github.com/larsth/rmsggpsd-gpspipe/daemon/gpspipe.go:143.35,150.39 2 0
github.com/larsth/rmsggpsd-gpspipe/daemon/gpspipe.go:156.2,159.6 2 0
github.com/larsth/rmsggpsd-gpspipe/daemon/gpspipe.go:150.39,154.3 2 0
github.com/larsth/rmsggpsd-gpspipe/daemon/gpspipe.go:159.6,160.45 1 0
github.com/larsth/rmsggpsd-gpspipe/daemon/gpspipe.go:160.45,165.4 3 0
github.com/larsth/rmsggpsd-gpspipe/daemon/httpclient.go:21.82,28.33 2 0
github.com/larsth/rmsggpsd-gpspipe/daemon/httpclient.go:32.2,32.52 1 0
github.com/larsth/rmsggpsd-gpspipe/daemon/httpclient.go:37.2,37.28 1 0
github.com/larsth/rmsggpsd-gpspipe/daemon/httpclient.go:28.33,31.3 1 0
github.com/larsth/rmsggpsd-gpspipe/daemon/httpclient.go:32.52,36.3 1 0
github.com/larsth/rmsggpsd-gpspipe/daemon/httpclient.go:40.69,54.16 3 0
github.com/larsth/rmsggpsd-gpspipe/daemon/httpclient.go:60.2,61.16 2 0
github.com/larsth/rmsggpsd-gpspipe/daemon/httpclient.go:67.2,68.16 2 0
github.com/larsth/rmsggpsd-gpspipe/daemon/httpclient.go:74.2,75.26 2 0
github.com/larsth/rmsggpsd-gpspipe/daemon/httpclient.go:79.2,80.16 2 0
github.com/larsth/rmsggpsd-gpspipe/daemon/httpclient.go:83.2,84.23 2 0
github.com/larsth/rmsggpsd-gpspipe/daemon/httpclient.go:88.2,89.16 2 0
github.com/larsth/rmsggpsd-gpspipe/daemon/httpclient.go:95.2,95.49 1 0
github.com/larsth/rmsggpsd-gpspipe/daemon/httpclient.go:54.16,59.3 1 0
github.com/larsth/rmsggpsd-gpspipe/daemon/httpclient.go:61.16,66.3 1 0
github.com/larsth/rmsggpsd-gpspipe/daemon/httpclient.go:68.16,73.3 1 0
github.com/larsth/rmsggpsd-gpspipe/daemon/httpclient.go:75.26,78.3 1 0
github.com/larsth/rmsggpsd-gpspipe/daemon/httpclient.go:80.16,82.3 1 0
github.com/larsth/rmsggpsd-gpspipe/daemon/httpclient.go:84.23,87.3 1 0
github.com/larsth/rmsggpsd-gpspipe/daemon/httpclient.go:89.16,93.3 1 0
github.com/larsth/rmsggpsd-gpspipe/daemon/httpclient.go:98.50,108.55 2 0
github.com/larsth/rmsggpsd-gpspipe/daemon/httpclient.go:112.2,114.52 2 0
github.com/larsth/rmsggpsd-gpspipe/daemon/httpclient.go:119.2,121.35 2 0
github.com/larsth/rmsggpsd-gpspipe/daemon/httpclient.go:128.2,128.53 1 0
github.com/larsth/rmsggpsd-gpspipe/daemon/httpclient.go:135.2,135.58 1 0
github.com/larsth/rmsggpsd-gpspipe/daemon/httpclient.go:140.2,141.12 2 0
github.com/larsth/rmsggpsd-gpspipe/daemon/httpclient.go:108.55,111.3 1 0
github.com/larsth/rmsggpsd-gpspipe/daemon/httpclient.go:114.52,118.3 1 0
github.com/larsth/rmsggpsd-gpspipe/daemon/httpclient.go:121.35,127.3 1 0
github.com/larsth/rmsggpsd-gpspipe/daemon/httpclient.go:128.53,134.3 1 0
github.com/larsth/rmsggpsd-gpspipe/daemon/httpclient.go:135.58,139.3 1 0
github.com/larsth/rmsggpsd-gpspipe/daemon/httpclient.go:144.52,153.19 3 0
github.com/larsth/rmsggpsd-gpspipe/daemon/httpclient.go:159.2,159.14 1 0
github.com/larsth/rmsggpsd-gpspipe/daemon/httpclient.go:167.2,170.62 3 0
github.com/larsth/rmsggpsd-gpspipe/daemon/httpclient.go:173.2,175.6 2 0
github.com/larsth/rmsggpsd-gpspipe/daemon/httpclient.go:153.19,158.3 4 0
github.com/larsth/rmsggpsd-gpspipe/daemon/httpclient.go:159.14,165.3 5 0
github.com/larsth/rmsggpsd-gpspipe/daemon/httpclient.go:170.62,172.3 1 0
github.com/larsth/rmsggpsd-gpspipe/daemon/httpclient.go:175.6,176.10 1 0
github.com/larsth/rmsggpsd-gpspipe/daemon/httpclient.go:177.3,178.57 1 0
github.com/larsth/rmsggpsd-gpspipe/daemon/httpclient.go:178.57,181.5 2 0
github.com/larsth/rmsggpsd-gpspipe/daemon/start.go:21.68,25.22 2 0
github.com/larsth/rmsggpsd-gpspipe/daemon/start.go:31.2,32.12 2 0
github.com/larsth/rmsggpsd-gpspipe/daemon/start.go:25.22,26.53 1 0
github.com/larsth/rmsggpsd-gpspipe/daemon/start.go:26.53,29.4 1 0
github.com/larsth/rmsggpsd-gpspipe/daemon/start.go:36.36,51.49 9 0
github.com/larsth/rmsggpsd-gpspipe/daemon/start.go:55.2,55.12 1 0
github.com/larsth/rmsggpsd-gpspipe/daemon/start.go:51.49,54.3 1 0
github.com/larsth/rmsggpsd-gpspipe/daemon/start.go:58.76,64.49 2 0
github.com/larsth/rmsggpsd-gpspipe/daemon/start.go:69.2,69.42 1 0
github.com/larsth/rmsggpsd-gpspipe/daemon/start.go:75.2,75.22 1 0
github.com/larsth/rmsggpsd-gpspipe/daemon/start.go:85.2,87.55 2 0
github.com/larsth/rmsggpsd-gpspipe/daemon/start.go:92.2,92.54 1 0
github.com/larsth/rmsggpsd-gpspipe/daemon/start.go:96.2,96.12 1 0
github.com/larsth/rmsggpsd-gpspipe/daemon/start.go:64.49,67.3 1 0
github.com/larsth/rmsggpsd-gpspipe/daemon/start.go:69.42,73.3 1 0
github.com/larsth/rmsggpsd-gpspipe/daemon/start.go:75.22,82.3 2 0
github.com/larsth/rmsggpsd-gpspipe/daemon/start.go:87.55,89.3 1 0
github.com/larsth/rmsggpsd-gpspipe/daemon/start.go:92.54,94.3 1 0
github.com/larsth/rmsggpsd-gpspipe/daemon/webrequest.go:18.74,21.45 2 0
github.com/larsth/rmsggpsd-gpspipe/daemon/webrequest.go:27.2,27.13 1 0
github.com/larsth/rmsggpsd-gpspipe/daemon/webrequest.go:21.45,26.3 4 0
github.com/larsth/rmsggpsd-gpspipe/daemon/webrequest.go:30.68,35.39 2 0
github.com/larsth/rmsggpsd-gpspipe/daemon/webrequest.go:41.2,41.13 1 0
github.com/larsth/rmsggpsd-gpspipe/daemon/webrequest.go:35.39,40.3 4 0
github.com/larsth/rmsggpsd-gpspipe/daemon/webrequest.go:48.31,85.2 22 0
github.com/larsth/rmsggpsd-gpspipe/daemon/webrequest.go:87.67,90.30 2 0
github.com/larsth/rmsggpsd-gpspipe/daemon/webrequest.go:93.2,93.24 1 0
github.com/larsth/rmsggpsd-gpspipe/daemon/webrequest.go:97.2,97.76 1 0
github.com/larsth/rmsggpsd-gpspipe/daemon/webrequest.go:90.30,92.3 1 0
github.com/larsth/rmsggpsd-gpspipe/daemon/webrequest.go:93.24,95.3 1 0
github.com/larsth/rmsggpsd-gpspipe/daemon/bearing.go:23.64,76.51 17 0
github.com/larsth/rmsggpsd-gpspipe/daemon/bearing.go:79.2,83.21 3 0
github.com/larsth/rmsggpsd-gpspipe/daemon/bearing.go:76.51,78.3 1 0
github.com/larsth/rmsggpsd-gpspipe/daemon/bearing.go:86.74,94.54 2 0
github.com/larsth/rmsggpsd-gpspipe/daemon/bearing.go:100.2,105.22 5 0
github.com/larsth/rmsggpsd-gpspipe/daemon/bearing.go:117.2,117.36 1 0
github.com/larsth/rmsggpsd-gpspipe/daemon/bearing.go:94.54,96.3 1 0
github.com/larsth/rmsggpsd-gpspipe/daemon/bearing.go:96.3,98.3 1 0
github.com/larsth/rmsggpsd-gpspipe/daemon/bearing.go:105.22,107.3 1 0
github.com/larsth/rmsggpsd-gpspipe/daemon/bearing.go:107.3,113.17 2 0
github.com/larsth/rmsggpsd-gpspipe/daemon/bearing.go:113.17,115.4 1 0
github.com/larsth/rmsggpsd-gpspipe/daemon/bearing.go:120.43,127.6 3 0
github.com/larsth/rmsggpsd-gpspipe/daemon/bearing.go:127.6,128.10 1 0
github.com/larsth/rmsggpsd-gpspipe/daemon/bearing.go:129.3,130.43 1 0
github.com/larsth/rmsggpsd-gpspipe/daemon/bearing.go:131.3,132.43 1 0
github.com/larsth/rmsggpsd-gpspipe/daemon/gpsdfilter.go:17.55,29.2 7 0
github.com/larsth/rmsggpsd-gpspipe/daemon/gpsdfilter.go:45.52,49.2 3 0
github.com/larsth/rmsggpsd-gpspipe/daemon/gpsdfilter.go:51.73,58.33 2 0
github.com/larsth/rmsggpsd-gpspipe/daemon/gpsdfilter.go:68.2,74.15 2 0
github.com/larsth/rmsggpsd-gpspipe/daemon/gpsdfilter.go:58.33,60.17 2 0
github.com/larsth/rmsggpsd-gpspipe/daemon/gpsdfilter.go:60.17,63.4 1 0
github.com/larsth/rmsggpsd-gpspipe/daemon/gpsdfilter.go:64.3,66.3 1 0
github.com/larsth/rmsggpsd-gpspipe/daemon/gpsdfilter.go:77.71,90.49 5 0
github.com/larsth/rmsggpsd-gpspipe/daemon/gpsdfilter.go:96.2,96.46 1 0
github.com/larsth/rmsggpsd-gpspipe/daemon/gpsdfilter.go:109.2,109.17 1 0
github.com/larsth/rmsggpsd-gpspipe/daemon/gpsdfilter.go:90.49,94.3 1 0
github.com/larsth/rmsggpsd-gpspipe/daemon/gpsdfilter.go:96.46,97.57 1 0
github.com/larsth/rmsggpsd-gpspipe/daemon/gpsdfilter.go:101.3,101.55 1 0
github.com/larsth/rmsggpsd-gpspipe/daemon/gpsdfilter.go:106.3,106.16 1 0
github.com/larsth/rmsggpsd-gpspipe/daemon/gpsdfilter.go:97.57,100.4 1 0
github.com/larsth/rmsggpsd-gpspipe/daemon/gpsdfilter.go:101.55,105.4 1 0
github.com/larsth/rmsggpsd-gpspipe/daemon/json-config-file.go:55.62,56.46 1 0
github.com/larsth/rmsggpsd-gpspipe/daemon/json-config-file.go:62.2,62.58 1 0
github.com/larsth/rmsggpsd-gpspipe/daemon/json-config-file.go:69.2,69.12 1 0
github.com/larsth/rmsggpsd-gpspipe/daemon/json-config-file.go:56.46,60.3 1 0
github.com/larsth/rmsggpsd-gpspipe/daemon/json-config-file.go:62.58,67.3 1 0
github.com/larsth/rmsggpsd-gpspipe/daemon/json-config-file.go:72.50,82.50 2 0
github.com/larsth/rmsggpsd-gpspipe/daemon/json-config-file.go:88.2,88.24 1 0
github.com/larsth/rmsggpsd-gpspipe/daemon/json-config-file.go:94.2,94.47 1 0
github.com/larsth/rmsggpsd-gpspipe/daemon/json-config-file.go:98.2,100.46 2 0
github.com/larsth/rmsggpsd-gpspipe/daemon/json-config-file.go:104.2,106.44 2 0
github.com/larsth/rmsggpsd-gpspipe/daemon/json-config-file.go:111.2,111.67 1 0
github.com/larsth/rmsggpsd-gpspipe/daemon/json-config-file.go:115.2,115.12 1 0
github.com/larsth/rmsggpsd-gpspipe/daemon/json-config-file.go:82.50,86.3 1 0
github.com/larsth/rmsggpsd-gpspipe/daemon/json-config-file.go:88.24,92.3 1 0
github.com/larsth/rmsggpsd-gpspipe/daemon/json-config-file.go:94.47,97.3 1 0
github.com/larsth/rmsggpsd-gpspipe/daemon/json-config-file.go:100.46,103.3 1 0
github.com/larsth/rmsggpsd-gpspipe/daemon/json-config-file.go:106.44,109.3 1 0
github.com/larsth/rmsggpsd-gpspipe/daemon/json-config-file.go:111.67,113.3 1 0
